<?xml version="1.0" encoding="UTF-8"?>
<!-- Generated by org.testng.reporters.JUnitXMLReporter -->
<testsuite ignored="5" hostname="hamza" failures="0" tests="1" name="Default test" time="115.916" errors="0" timestamp="2024-02-03T12:45:21 EET">
  <testcase classname="AlmosaferWeb.myTestCases" name="randomMethodToChangeTheLanguge" time="15.072"/>
  <testcase classname="AlmosaferWeb.myTestCases" name="checkTheDefultLanguge" time="0.0">
    <ignored/>
  </testcase> <!-- checkTheDefultLanguge -->
  <testcase classname="AlmosaferWeb.myTestCases" name="checkTheDefultLCurancy" time="0.0">
    <ignored/>
  </testcase> <!-- checkTheDefultLCurancy -->
  <testcase classname="AlmosaferWeb.myTestCases" name="checkTheHoteltabIsNotSelectedByDefult" time="0.0">
    <ignored/>
  </testcase> <!-- checkTheHoteltabIsNotSelectedByDefult -->
  <testcase classname="AlmosaferWeb.myTestCases" name="checkTheQetafLogo" time="0.0">
    <ignored/>
  </testcase> <!-- checkTheQetafLogo -->
  <testcase classname="AlmosaferWeb.myTestCases" name="checkThecontactNumber" time="0.0">
    <ignored/>
  </testcase> <!-- checkThecontactNumber -->
</testsuite> <!-- Default test -->
