<?xml version="1.0" encoding="UTF-8"?>
<testng-results ignored="5" total="6" passed="1" failed="0" skipped="0">
  <reporter-output>
  </reporter-output>
  <suite started-at="2024-02-03T12:43:25 EET" name="Default suite" finished-at="2024-02-03T12:45:21 EET" duration-ms="115916">
    <groups>
    </groups>
    <test started-at="2024-02-03T12:43:25 EET" name="Default test" finished-at="2024-02-03T12:45:21 EET" duration-ms="115916">
      <class name="AlmosaferWeb.myTestCases">
        <test-method is-config="true" signature="aaaa()[pri:0, instance:AlmosaferWeb.myTestCases@6cbcf243]" started-at="2024-02-03T12:43:25 EET" name="aaaa" finished-at="2024-02-03T12:45:06 EET" duration-ms="100757" status="PASS">
          <reporter-output>
          </reporter-output>
        </test-method> <!-- aaaa -->
        <test-method signature="randomMethodToChangeTheLanguge()[pri:7, instance:AlmosaferWeb.myTestCases@6cbcf243]" started-at="2024-02-03T12:45:06 EET" name="randomMethodToChangeTheLanguge" finished-at="2024-02-03T12:45:21 EET" duration-ms="15072" status="PASS">
          <reporter-output>
          </reporter-output>
        </test-method> <!-- randomMethodToChangeTheLanguge -->
        <test-method is-config="true" signature="cccc()[pri:0, instance:AlmosaferWeb.myTestCases@6cbcf243]" started-at="2024-02-03T12:45:21 EET" name="cccc" finished-at="2024-02-03T12:45:21 EET" duration-ms="2" status="PASS">
          <reporter-output>
          </reporter-output>
        </test-method> <!-- cccc -->
      </class> <!-- AlmosaferWeb.myTestCases -->
    </test> <!-- Default test -->
  </suite> <!-- Default suite -->
</testng-results>
